<?xml version="1.0" encoding="UTF-8"?>
<!-- Generated by org.testng.reporters.JUnitReportReporter -->
<testsuite hostname="LAPTOP-I5A3CD95" failures="0" tests="1" name="Test.Lipstick" time="10.141" errors="0" timestamp="2023-08-04T23:41:11 IST" skipped="0">
  <testcase classname="Test.Lipstick" name="linkselect" time="10.141"/>
</testsuite> <!-- Test.Lipstick -->
