<?xml version="1.0" encoding="UTF-8"?>
<!-- Generated by org.testng.reporters.JUnitReportReporter -->
<testsuite hostname="LAPTOP-I5A3CD95" failures="0" tests="1" name="Test.SearchProduct" time="4.916" errors="0" timestamp="2023-07-26T21:55:52 IST" skipped="0">
  <testcase classname="Test.SearchProduct" name="testlogin" time="4.916"/>
</testsuite> <!-- Test.SearchProduct -->
